[debug] [2023-09-07T10:20:12.877Z] ----------------------------------------------------------------------
[debug] [2023-09-07T10:20:12.878Z] Command:       C:\Program Files\nodejs\node.exe C:\Users\hahik\AppData\Roaming\npm\node_modules\firebase-tools\lib\bin\firebase.js init
[debug] [2023-09-07T10:20:12.879Z] CLI Version:   12.5.2
[debug] [2023-09-07T10:20:12.879Z] Platform:      win32
[debug] [2023-09-07T10:20:12.879Z] Node Version:  v18.12.1
[debug] [2023-09-07T10:20:12.879Z] Time:          Thu Sep 07 2023 13:20:12 GMT+0300 (Arabian Standard Time)
[debug] [2023-09-07T10:20:12.879Z] ----------------------------------------------------------------------
[debug] 
[debug] [2023-09-07T10:20:12.933Z] > command requires scopes: ["email","openid","https://www.googleapis.com/auth/cloudplatformprojects.readonly","https://www.googleapis.com/auth/firebase","https://www.googleapis.com/auth/cloud-platform"]
[debug] [2023-09-07T10:20:12.933Z] > authorizing via signed-in user (alaa.hahe@gmail.com)
[info] 
     ######## #### ########  ######## ########     ###     ######  ########
     ##        ##  ##     ## ##       ##     ##  ##   ##  ##       ##
     ######    ##  ########  ######   ########  #########  ######  ######
     ##        ##  ##    ##  ##       ##     ## ##     ##       ## ##
     ##       #### ##     ## ######## ########  ##     ##  ######  ########

You're about to initialize a Firebase project in this directory:

  C:\xampp\htdocs\burger-surprise

Before we get started, keep in mind:

  * You are currently outside your home directory
  * You are initializing within an existing Firebase project directory

[info] 
=== Project Setup
[info] 
[info] First, let's associate this project directory with a Firebase project.
[info] You can create multiple project aliases by running firebase use --add, 
[info] but for now we'll just set up a default project.
[info] 
[debug] [2023-09-07T10:21:16.402Z] Using project from CLI flag: burger-surprise
[debug] [2023-09-07T10:21:16.405Z] > refreshing access token with scopes: []
[debug] [2023-09-07T10:21:16.409Z] >>> [apiv2][query] POST https://www.googleapis.com/oauth2/v3/token [none]
[debug] [2023-09-07T10:21:16.409Z] >>> [apiv2][body] POST https://www.googleapis.com/oauth2/v3/token [omitted]
[debug] [2023-09-07T10:21:21.969Z] <<< [apiv2][status] POST https://www.googleapis.com/oauth2/v3/token 200
[debug] [2023-09-07T10:21:21.970Z] <<< [apiv2][body] POST https://www.googleapis.com/oauth2/v3/token [omitted]
[debug] [2023-09-07T10:21:21.994Z] >>> [apiv2][query] GET https://firebase.googleapis.com/v1beta1/projects/burger-surprise [none]
[debug] [2023-09-07T10:21:22.949Z] <<< [apiv2][status] GET https://firebase.googleapis.com/v1beta1/projects/burger-surprise 200
[debug] [2023-09-07T10:21:22.950Z] <<< [apiv2][body] GET https://firebase.googleapis.com/v1beta1/projects/burger-surprise {"projectId":"burger-surprise","projectNumber":"230278157383","displayName":"burger-surprise","name":"projects/burger-surprise","resources":{"hostingSite":"burger-surprise"},"state":"ACTIVE","etag":"1_9f0e813d-6149-413a-aaf7-e776efd9572f"}
[info] i  Using project burger-surprise (burger-surprise) 
[info] 
=== Hosting Setup
[info] 
[info] Your public directory is the folder (relative to your project directory) that
[info] will contain Hosting assets to be uploaded with firebase deploy. If you
[info] have a build process for your assets, use your build's output directory.
[info] 
[debug] [2023-09-07T10:21:39.077Z] >>> [apiv2][query] GET https://www.gstatic.com/firebasejs/releases.json [none]
[debug] [2023-09-07T10:21:42.238Z] <<< [apiv2][status] GET https://www.gstatic.com/firebasejs/releases.json 200
[debug] [2023-09-07T10:21:42.238Z] <<< [apiv2][body] GET https://www.gstatic.com/firebasejs/releases.json {"current":{"version":"10.3.1","browserURL":"https://www.gstatic.com/firebasejs/10.3.1/firebase.js","packageURL":"https://www.gstatic.com/firebasejs/10.3.1/firebase.tgz"},"live":{"version":"10.3","browserURL":"https://www.gstatic.com/firebasejs/live/10.3/firebase.js","packageURL":"https://www.gstatic.com/firebasejs/live/10.3/firebase.tgz"},"components":{"analytics":"https://www.gstatic.com/firebasejs/10.3.1/firebase-analytics.js","app":"https://www.gstatic.com/firebasejs/10.3.1/firebase-app.js","app-check":"https://www.gstatic.com/firebasejs/10.3.1/firebase-app-check.js","auth":"https://www.gstatic.com/firebasejs/10.3.1/firebase-auth.js","auth/cordova":"https://www.gstatic.com/firebasejs/10.3.1/firebase-auth/cordova.js","functions":"https://www.gstatic.com/firebasejs/10.3.1/firebase-functions.js","firestore":"https://www.gstatic.com/firebasejs/10.3.1/firebase-firestore.js","firestore/lite":"https://www.gstatic.com/firebasejs/10.3.1/firebase-firestore/lite.js","installations":"https://www.gstatic.com/firebasejs/10.3.1/firebase-installations.js","storage":"https://www.gstatic.com/firebasejs/10.3.1/firebase-storage.js","performance":"https://www.gstatic.com/firebasejs/10.3.1/firebase-performance.js","remote-config":"https://www.gstatic.com/firebasejs/10.3.1/firebase-remote-config.js","messaging":"https://www.gstatic.com/firebasejs/10.3.1/firebase-messaging.js","messaging/sw":"https://www.gstatic.com/firebasejs/10.3.1/firebase-messaging/sw.js","database":"https://www.gstatic.com/firebasejs/10.3.1/firebase-database.js","firestore.memory":"https://www.gstatic.com/firebasejs/10.3.1/firebase-firestore.memory.js"}}
[info] +  Wrote yes/index.html 
[info] 
[info] i  Detected a .git folder at C:\xampp\htdocs\burger-surprise 
[info] i  Authorizing with GitHub to upload your service account to a GitHub repository's secrets store. 
[info] 
[info] Visit this URL on this device to log in:
[info] https://github.com/login/oauth/authorize?client_id=89cf50f02ac6aaed3484&state=726198644&redirect_uri=http%3A%2F%2Flocalhost%3A9005&scope=read%3Auser%20repo%20public_repo
[info] 
[info] Waiting for authentication...
[debug] [2023-09-07T10:21:46.296Z] >>> [apiv2][query] POST https://github.com/login/oauth/access_token [none]
[debug] [2023-09-07T10:21:46.296Z] >>> [apiv2][body] POST https://github.com/login/oauth/access_token [stream]
[debug] [2023-09-07T10:21:48.322Z] <<< [apiv2][status] POST https://github.com/login/oauth/access_token 200
[debug] [2023-09-07T10:21:48.322Z] <<< [apiv2][body] POST https://github.com/login/oauth/access_token {"access_token":"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","token_type":"bearer","scope":"read:user,repo"}
[debug] [2023-09-07T10:21:48.327Z] >>> [apiv2][query] GET https://api.github.com/user [none]
[debug] [2023-09-07T10:21:50.047Z] <<< [apiv2][status] GET https://api.github.com/user 200
[debug] [2023-09-07T10:21:50.049Z] <<< [apiv2][body] GET https://api.github.com/user {"login":"alaahahi","id":3684696,"node_id":"MDQ6VXNlcjM2ODQ2OTY=","avatar_url":"https://avatars.githubusercontent.com/u/3684696?v=4","gravatar_id":"","url":"https://api.github.com/users/alaahahi","html_url":"https://github.com/alaahahi","followers_url":"https://api.github.com/users/alaahahi/followers","following_url":"https://api.github.com/users/alaahahi/following{/other_user}","gists_url":"https://api.github.com/users/alaahahi/gists{/gist_id}","starred_url":"https://api.github.com/users/alaahahi/starred{/owner}{/repo}","subscriptions_url":"https://api.github.com/users/alaahahi/subscriptions","organizations_url":"https://api.github.com/users/alaahahi/orgs","repos_url":"https://api.github.com/users/alaahahi/repos","events_url":"https://api.github.com/users/alaahahi/events{/privacy}","received_events_url":"https://api.github.com/users/alaahahi/received_events","type":"User","site_admin":false,"name":"ALAA HAHI","company":null,"blog":"","location":null,"email":"alaa.hahe@gmail.com","hireable":null,"bio":null,"twitter_username":null,"public_repos":31,"public_gists":0,"followers":0,"following":0,"created_at":"2013-02-24T10:25:00Z","updated_at":"2023-08-27T13:29:54Z","private_gists":0,"total_private_repos":4,"owned_private_repos":4,"disk_usage":873969,"collaborators":1,"two_factor_authentication":false,"plan":{"name":"free","space":976562499,"collaborators":0,"private_repos":10000}}
[info] 
[info] +  Success! Logged into GitHub as alaahahi 
[info] 
[debug] [2023-09-07T10:23:27.400Z] ----------------------------------------------------------------------
[debug] [2023-09-07T10:23:27.401Z] Command:       C:\Program Files\nodejs\node.exe C:\Users\hahik\AppData\Roaming\npm\node_modules\firebase-tools\lib\bin\firebase.js init
[debug] [2023-09-07T10:23:27.402Z] CLI Version:   12.5.2
[debug] [2023-09-07T10:23:27.402Z] Platform:      win32
[debug] [2023-09-07T10:23:27.402Z] Node Version:  v18.12.1
[debug] [2023-09-07T10:23:27.402Z] Time:          Thu Sep 07 2023 13:23:27 GMT+0300 (Arabian Standard Time)
[debug] [2023-09-07T10:23:27.402Z] ----------------------------------------------------------------------
[debug] 
[debug] [2023-09-07T10:23:27.462Z] > command requires scopes: ["email","openid","https://www.googleapis.com/auth/cloudplatformprojects.readonly","https://www.googleapis.com/auth/firebase","https://www.googleapis.com/auth/cloud-platform"]
[debug] [2023-09-07T10:23:27.462Z] > authorizing via signed-in user (alaa.hahe@gmail.com)
[info] 
     ######## #### ########  ######## ########     ###     ######  ########
     ##        ##  ##     ## ##       ##     ##  ##   ##  ##       ##
     ######    ##  ########  ######   ########  #########  ######  ######
     ##        ##  ##    ##  ##       ##     ## ##     ##       ## ##
     ##       #### ##     ## ######## ########  ##     ##  ######  ########

You're about to initialize a Firebase project in this directory:

  C:\xampp\htdocs\burger-surprise

Before we get started, keep in mind:

  * You are currently outside your home directory
  * You are initializing within an existing Firebase project directory

[info] 
=== Project Setup
[info] 
[info] First, let's associate this project directory with a Firebase project.
[info] You can create multiple project aliases by running firebase use --add, 
[info] but for now we'll just set up a default project.
[info] 
[debug] [2023-09-07T10:24:36.550Z] Using project from CLI flag: burger-surprise
[debug] [2023-09-07T10:24:36.555Z] >>> [apiv2][query] GET https://firebase.googleapis.com/v1beta1/projects/burger-surprise [none]
[debug] [2023-09-07T10:24:39.007Z] <<< [apiv2][status] GET https://firebase.googleapis.com/v1beta1/projects/burger-surprise 200
[debug] [2023-09-07T10:24:39.008Z] <<< [apiv2][body] GET https://firebase.googleapis.com/v1beta1/projects/burger-surprise {"projectId":"burger-surprise","projectNumber":"230278157383","displayName":"burger-surprise","name":"projects/burger-surprise","resources":{"hostingSite":"burger-surprise"},"state":"ACTIVE","etag":"1_9f0e813d-6149-413a-aaf7-e776efd9572f"}
[info] i  Using project burger-surprise (burger-surprise) 
[info] 
=== Hosting Setup
[info] 
[info] Your public directory is the folder (relative to your project directory) that
[info] will contain Hosting assets to be uploaded with firebase deploy. If you
[info] have a build process for your assets, use your build's output directory.
[info] 
[debug] [2023-09-07T10:24:51.850Z] >>> [apiv2][query] GET https://www.gstatic.com/firebasejs/releases.json [none]
[debug] [2023-09-07T10:24:53.761Z] <<< [apiv2][status] GET https://www.gstatic.com/firebasejs/releases.json 200
[debug] [2023-09-07T10:24:53.761Z] <<< [apiv2][body] GET https://www.gstatic.com/firebasejs/releases.json {"current":{"version":"10.3.1","browserURL":"https://www.gstatic.com/firebasejs/10.3.1/firebase.js","packageURL":"https://www.gstatic.com/firebasejs/10.3.1/firebase.tgz"},"live":{"version":"10.3","browserURL":"https://www.gstatic.com/firebasejs/live/10.3/firebase.js","packageURL":"https://www.gstatic.com/firebasejs/live/10.3/firebase.tgz"},"components":{"analytics":"https://www.gstatic.com/firebasejs/10.3.1/firebase-analytics.js","app":"https://www.gstatic.com/firebasejs/10.3.1/firebase-app.js","app-check":"https://www.gstatic.com/firebasejs/10.3.1/firebase-app-check.js","auth":"https://www.gstatic.com/firebasejs/10.3.1/firebase-auth.js","auth/cordova":"https://www.gstatic.com/firebasejs/10.3.1/firebase-auth/cordova.js","functions":"https://www.gstatic.com/firebasejs/10.3.1/firebase-functions.js","firestore":"https://www.gstatic.com/firebasejs/10.3.1/firebase-firestore.js","firestore/lite":"https://www.gstatic.com/firebasejs/10.3.1/firebase-firestore/lite.js","installations":"https://www.gstatic.com/firebasejs/10.3.1/firebase-installations.js","storage":"https://www.gstatic.com/firebasejs/10.3.1/firebase-storage.js","performance":"https://www.gstatic.com/firebasejs/10.3.1/firebase-performance.js","remote-config":"https://www.gstatic.com/firebasejs/10.3.1/firebase-remote-config.js","messaging":"https://www.gstatic.com/firebasejs/10.3.1/firebase-messaging.js","messaging/sw":"https://www.gstatic.com/firebasejs/10.3.1/firebase-messaging/sw.js","database":"https://www.gstatic.com/firebasejs/10.3.1/firebase-database.js","firestore.memory":"https://www.gstatic.com/firebasejs/10.3.1/firebase-firestore.memory.js"}}
[info] i  Skipping write of public/index.html 
[info] 
[info] i  Detected a .git folder at C:\xampp\htdocs\burger-surprise 
[info] i  Authorizing with GitHub to upload your service account to a GitHub repository's secrets store. 
[info] 
[info] Visit this URL on this device to log in:
[info] https://github.com/login/oauth/authorize?client_id=89cf50f02ac6aaed3484&state=954827482&redirect_uri=http%3A%2F%2Flocalhost%3A9005&scope=read%3Auser%20repo%20public_repo
[info] 
[info] Waiting for authentication...
[debug] [2023-09-07T10:25:13.198Z] >>> [apiv2][query] POST https://github.com/login/oauth/access_token [none]
[debug] [2023-09-07T10:25:13.198Z] >>> [apiv2][body] POST https://github.com/login/oauth/access_token [stream]
[debug] [2023-09-07T10:25:14.585Z] <<< [apiv2][status] POST https://github.com/login/oauth/access_token 200
[debug] [2023-09-07T10:25:14.586Z] <<< [apiv2][body] POST https://github.com/login/oauth/access_token {"access_token":"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","token_type":"bearer","scope":"read:user,repo"}
[debug] [2023-09-07T10:25:14.616Z] >>> [apiv2][query] GET https://api.github.com/user [none]
[debug] [2023-09-07T10:25:15.916Z] <<< [apiv2][status] GET https://api.github.com/user 200
[debug] [2023-09-07T10:25:15.917Z] <<< [apiv2][body] GET https://api.github.com/user {"login":"alaahahi","id":3684696,"node_id":"MDQ6VXNlcjM2ODQ2OTY=","avatar_url":"https://avatars.githubusercontent.com/u/3684696?v=4","gravatar_id":"","url":"https://api.github.com/users/alaahahi","html_url":"https://github.com/alaahahi","followers_url":"https://api.github.com/users/alaahahi/followers","following_url":"https://api.github.com/users/alaahahi/following{/other_user}","gists_url":"https://api.github.com/users/alaahahi/gists{/gist_id}","starred_url":"https://api.github.com/users/alaahahi/starred{/owner}{/repo}","subscriptions_url":"https://api.github.com/users/alaahahi/subscriptions","organizations_url":"https://api.github.com/users/alaahahi/orgs","repos_url":"https://api.github.com/users/alaahahi/repos","events_url":"https://api.github.com/users/alaahahi/events{/privacy}","received_events_url":"https://api.github.com/users/alaahahi/received_events","type":"User","site_admin":false,"name":"ALAA HAHI","company":null,"blog":"","location":null,"email":"alaa.hahe@gmail.com","hireable":null,"bio":null,"twitter_username":null,"public_repos":31,"public_gists":0,"followers":0,"following":0,"created_at":"2013-02-24T10:25:00Z","updated_at":"2023-08-27T13:29:54Z","private_gists":0,"total_private_repos":4,"owned_private_repos":4,"disk_usage":873969,"collaborators":1,"two_factor_authentication":false,"plan":{"name":"free","space":976562499,"collaborators":0,"private_repos":10000}}
[info] 
[info] +  Success! Logged into GitHub as alaahahi 
[info] 
